<?xml version="1.0" encoding="UTF-8"?>
<testsuite name="com.cg.addressbook.AddressBookTest" tests="1" skipped="0" failures="0" errors="0" timestamp="2020-11-08T15:13:18" hostname="DESKTOP-AURK5V2" time="1.332">
  <properties/>
  <testcase name="givenNewContact_WhenAdded_ShouldMatch201ResponseAndCount" classname="com.cg.addressbook.AddressBookTest" time="1.332"/>
  <system-out><![CDATA[Addressbook entries in json server
[
  {
    "id": 1,
    "firstname": "Akhil",
    "lastname": "Kumar",
    "address": "BhagirathaColony",
    "city": "Hyderabad",
    "state": "Telangana",
    "zip": 765432,
    "phoneNumber": 9876543210,
    "emailId": "akhil@gmail.com",
    "type": "Friends",
    "startDate": {
      "year": 2020,
      "month": 11,
      "day": 2
    }
  },
  {
    "id": 2,
    "firstname": "Bill",
    "lastname": "Gates",
    "address": "Balajinagar",
    "city": "vizag",
    "state": "AP",
    "zip": 12345,
    "phoneNumber": 890765431,
    "emailId": "bill@gmail.com",
    "type": "Family",
    "startDate": {
      "year": 2020,
      "month": 11,
      "day": 1
    }
  }
]
]]></system-out>
  <system-err><![CDATA[]]></system-err>
</testsuite>
