<?xml version="1.0" encoding="UTF-8"?>
<testsuite name="com.cg.addressbook.AddressBookTest" tests="1" skipped="0" failures="0" errors="0" timestamp="2020-11-05T15:37:47" hostname="DESKTOP-AURK5V2" time="1.2">
  <properties/>
  <testcase name="given6Contact_WhenAddedToDB_ShouldMatchContactEntries" classname="com.cg.addressbook.AddressBookTest" time="1.2"/>
  <system-out><![CDATA[Driver Loaded!!
  com.mysql.jdbc.Driver
  com.mysql.fabric.jdbc.FabricMySQLDriver
Connecting to the Database jdbc:mysql://localhost:3306/addressBookService?useSSL=false
Connection was successful
employees being added : Ramu
Driver Loaded!!
  com.mysql.jdbc.Driver
  com.mysql.fabric.jdbc.FabricMySQLDriver
Connecting to the Database jdbc:mysql://localhost:3306/addressBookService?useSSL=false
Connection was successful
succesfully added new employee
Employees added: Ramu
employees being added : sai
Driver Loaded!!
  com.mysql.jdbc.Driver
  com.mysql.fabric.jdbc.FabricMySQLDriver
Connecting to the Database jdbc:mysql://localhost:3306/addressBookService?useSSL=false
Connection was successful
succesfully added new employee
Employees added: sai
employees being added : krish
Driver Loaded!!
  com.mysql.jdbc.Driver
  com.mysql.fabric.jdbc.FabricMySQLDriver
Connecting to the Database jdbc:mysql://localhost:3306/addressBookService?useSSL=false
Connection was successful
succesfully added new employee
Employees added: krish
employees being added : vamsi
Driver Loaded!!
  com.mysql.jdbc.Driver
  com.mysql.fabric.jdbc.FabricMySQLDriver
Connecting to the Database jdbc:mysql://localhost:3306/addressBookService?useSSL=false
Connection was successful
succesfully added new employee
Employees added: vamsi
employees being added : Mukesh
Driver Loaded!!
  com.mysql.jdbc.Driver
  com.mysql.fabric.jdbc.FabricMySQLDriver
Connecting to the Database jdbc:mysql://localhost:3306/addressBookService?useSSL=false
Connection was successful
succesfully added new employee
Employees added: Mukesh
employees being added : bibhav
Driver Loaded!!
  com.mysql.jdbc.Driver
  com.mysql.fabric.jdbc.FabricMySQLDriver
Connecting to the Database jdbc:mysql://localhost:3306/addressBookService?useSSL=false
Connection was successful
succesfully added new employee
Employees added: bibhav
[FirstName: Akhil LastName: Kumar City: Mahabubnagar State: Telangana Zip: 503982 MobileNumber:9087654321 EmailId: abc@gmail.com
, FirstName: bill LastName: gates City: Hosur State: karnataka Zip: 509234 MobileNumber:9990876451 EmailId: raj@gmail.com
, FirstName: nikhil LastName: Kumar City: Kurnool State: AP Zip: 789659 MobileNumber:9987654321 EmailId: abhi@gmail.com
, FirstName: Akhi LastName: akki City: Kadapa State: AP Zip: 965900 MobileNumber:8765544321 EmailId: akki@gmail.com
, FirstName: Rajesh LastName: Reddy City: Mahabubnagar State: Telangana Zip: 567659 MobileNumber:90876590321 EmailId: amj@gmail.com
, null, null, null, null, null, null]
Duration without Thread: PT0.645276S
employees being added : krish
employees being added : sai
employees being added : vamsi
employees being added : Mukesh
Driver Loaded!!
Driver Loaded!!
  com.mysql.jdbc.Driver
  com.mysql.jdbc.Driver
  com.mysql.fabric.jdbc.FabricMySQLDriver
  com.mysql.fabric.jdbc.FabricMySQLDriver
Connecting to the Database jdbc:mysql://localhost:3306/addressBookService?useSSL=false
Connecting to the Database jdbc:mysql://localhost:3306/addressBookService?useSSL=false
employees being added : Ramu
employees being added : bibhav
Driver Loaded!!
  com.mysql.jdbc.Driver
  com.mysql.fabric.jdbc.FabricMySQLDriver
Connecting to the Database jdbc:mysql://localhost:3306/addressBookService?useSSL=false
Driver Loaded!!
  com.mysql.jdbc.Driver
  com.mysql.fabric.jdbc.FabricMySQLDriver
Connecting to the Database jdbc:mysql://localhost:3306/addressBookService?useSSL=false
Driver Loaded!!
  com.mysql.jdbc.Driver
  com.mysql.fabric.jdbc.FabricMySQLDriver
Connecting to the Database jdbc:mysql://localhost:3306/addressBookService?useSSL=false
Connection was successful
Driver Loaded!!
  com.mysql.jdbc.Driver
  com.mysql.fabric.jdbc.FabricMySQLDriver
Connecting to the Database jdbc:mysql://localhost:3306/addressBookService?useSSL=false
Connection was successful
Connection was successful
Connection was successful
Connection was successful
Connection was successful
succesfully added new employee
Employees added: sai
succesfully added new employee
succesfully added new employee
succesfully added new employee
succesfully added new employee
succesfully added new employee
Employees added: krish
Employees added: Mukesh
Employees added: Ramu
Employees added: vamsi
Employees added: bibhav
[FirstName: Akhil LastName: Kumar City: Mahabubnagar State: Telangana Zip: 503982 MobileNumber:9087654321 EmailId: abc@gmail.com
, FirstName: bill LastName: gates City: Hosur State: karnataka Zip: 509234 MobileNumber:9990876451 EmailId: raj@gmail.com
, FirstName: nikhil LastName: Kumar City: Kurnool State: AP Zip: 789659 MobileNumber:9987654321 EmailId: abhi@gmail.com
, FirstName: Akhi LastName: akki City: Kadapa State: AP Zip: 965900 MobileNumber:8765544321 EmailId: akki@gmail.com
, FirstName: Rajesh LastName: Reddy City: Mahabubnagar State: Telangana Zip: 567659 MobileNumber:90876590321 EmailId: amj@gmail.com
, null, null, null, null, null, null, null, null, null, null, null, null]
Duration with thread: PT0.2732698S
]]></system-out>
  <system-err><![CDATA[]]></system-err>
</testsuite>
