<?xml version="1.0" encoding="UTF-8"?>
<testsuite name="com.cg.addressbook.AddressBookTest" tests="1" skipped="0" failures="0" errors="0" timestamp="2020-11-05T09:08:04" hostname="DESKTOP-AURK5V2" time="0.416">
  <properties/>
  <testcase name="givenEmployeePayrollInDB_WhenRetrieved_ShouldMatchEmployeeCount" classname="com.cg.addressbook.AddressBookTest" time="0.416"/>
  <system-out><![CDATA[Driver Loaded!!
  com.mysql.jdbc.Driver
  com.mysql.fabric.jdbc.FabricMySQLDriver
Connecting to the Database jdbc:mysql://localhost:3306/addressBookService?useSSL=false
Connection was successful
[FirstName: Akhil LastName: Kumar City: Mahabubnagar State: Telangana Zip: 503692 MobileNumber:9087654321 EmailId: abc@gmail.com
, FirstName: bill LastName: gates City: Hosur State: karnataka Zip: 509234 MobileNumber:9990876451 EmailId: raj@gmail.com
, FirstName: nikhil LastName: Kumar City: Kurnool State: AP Zip: 789659 MobileNumber:9987654321 EmailId: abhi@gmail.com
, FirstName: Akhi LastName: akki City: Kadapa State: AP Zip: 965900 MobileNumber:8765544321 EmailId: akki@gmail.com
, FirstName: Rajesh LastName: Reddy City: Mahabubnagar State: Telangana Zip: 567659 MobileNumber:90876590321 EmailId: amj@gmail.com
, FirstName: Vamshi LastName: dhar City: Kollapur State: Telangana Zip: 415219 MobileNumber:7415159032 EmailId: vamshi@gmail.com
, FirstName: Vamshi LastName: dhar City: Kollapur State: Telangana Zip: 415219 MobileNumber:7415159032 EmailId: vamshi@gmail.com
]
]]></system-out>
  <system-err><![CDATA[]]></system-err>
</testsuite>
