<?xml version="1.0" encoding="UTF-8"?>
<testsuite name="com.cg.addressbook.AddressBookTest" tests="1" skipped="0" failures="0" errors="0" timestamp="2020-11-09T01:45:29" hostname="DESKTOP-AURK5V2" time="1.579">
  <properties/>
  <testcase name="givenContactToDelete_WhenDeleted_ShouldMatch200ResponseAndCount" classname="com.cg.addressbook.AddressBookTest" time="1.579"/>
  <system-out><![CDATA[Addressbook entries in json server
[
  {
    "id": 1,
    "firstName": "Akhil",
    "lastName": "Kumar",
    "address": "BhagirathaColony",
    "city": "Hyderabad",
    "state": "Telangana",
    "zip": 765432,
    "phoneNumber": 9876543210,
    "emailId": "akhil@gmail.com",
    "type": "Friends",
    "startDate": {
      "year": 2020,
      "month": 11,
      "day": 2
    }
  },
  {
    "id": 2,
    "firstName": "Bill",
    "lastName": "Gates",
    "address": "Balajinagar",
    "city": "vizag",
    "state": "AP",
    "zip": 12345,
    "phoneNumber": 890765431,
    "emailId": "bill@gmail.com",
    "type": "Family",
    "startDate": {
      "year": 2020,
      "month": 11,
      "day": 1
    }
  },
  {
    "id": 3,
    "firstName": "vijay",
    "lastName": "kanth",
    "address": "padmavathicolony",
    "city": "Manchiriyal",
    "state": "Tamilnadu",
    "phoneNumber": 8799854172,
    "zip": 786543,
    "emailId": "xcx@gmail.com",
    "type": "family",
    "date": {
      "year": 2020,
      "month": 11,
      "day": 8
    }
  },
  {
    "id": 4,
    "firstName": "Ramu",
    "lastName": "Bezos",
    "address": "Balajinagar",
    "city": "vizag",
    "state": "Telangana",
    "phoneNumber": 9869857427,
    "zip": 51512,
    "emailId": "lol@gmail.com",
    "type": "family",
    "date": {
      "year": 2020,
      "month": 11,
      "day": 8
    }
  },
  {
    "id": 5,
    "firstName": "sai",
    "lastName": "krish",
    "address": "BagirathaColony",
    "city": "hyderabad",
    "state": "AP",
    "phoneNumber": 8969854217,
    "zip": 41512,
    "emailId": "poi@gmail.com",
    "type": "friend",
    "date": {
      "year": 2020,
      "month": 11,
      "day": 8
    }
  }
]
]]></system-out>
  <system-err><![CDATA[]]></system-err>
</testsuite>
